{"/workspaces/paynovex/app/page.tsx": {"path":"/workspaces/paynovex/app/page.tsx","statementMap":{"0":{"start":{"line":13,"column":0},"end":{"line":13,"column":24}},"1":{"start":{"line":3,"column":0},"end":{"line":3,"column":29}},"2":{"start":{"line":6,"column":0},"end":{"line":6,"column":42}},"3":{"start":{"line":7,"column":0},"end":{"line":7,"column":46}},"4":{"start":{"line":8,"column":0},"end":{"line":8,"column":38}},"5":{"start":{"line":9,"column":0},"end":{"line":9,"column":44}},"6":{"start":{"line":10,"column":0},"end":{"line":10,"column":38}},"7":{"start":{"line":11,"column":0},"end":{"line":11,"column":58}},"8":{"start":{"line":14,"column":2},"end":{"line":94,"column":4}},"9":{"start":{"line":37,"column":155},"end":{"line":39,"column":12}},"10":{"start":{"line":54,"column":25},"end":{"line":54,"column":27}},"11":{"start":{"line":54,"column":31},"end":{"line":54,"column":32}},"12":{"start":{"line":54,"column":40},"end":{"line":59,"column":14}},"13":{"start":{"line":72,"column":24},"end":{"line":72,"column":26}},"14":{"start":{"line":72,"column":30},"end":{"line":72,"column":32}},"15":{"start":{"line":72,"column":37},"end":{"line":72,"column":38}},"16":{"start":{"line":72,"column":46},"end":{"line":78,"column":14}}},"fnMap":{"0":{"name":"Home","decl":{"start":{"line":13,"column":24},"end":{"line":13,"column":28}},"loc":{"start":{"line":13,"column":28},"end":{"line":95,"column":1}}},"1":{"name":"(anonymous_2)","decl":{"start":{"line":37,"column":142},"end":{"line":37,"column":143}},"loc":{"start":{"line":37,"column":150},"end":{"line":37,"column":null}}},"2":{"name":"(anonymous_3)","decl":{"start":{"line":54,"column":18},"end":{"line":54,"column":19}},"loc":{"start":{"line":54,"column":35},"end":{"line":54,"column":null}}},"3":{"name":"(anonymous_4)","decl":{"start":{"line":72,"column":18},"end":{"line":72,"column":19}},"loc":{"start":{"line":72,"column":41},"end":{"line":72,"column":null}}}},"branchMap":{},"s":{"0":5,"1":5,"2":5,"3":5,"4":5,"5":5,"6":5,"7":5,"8":6,"9":36,"10":18,"11":18,"12":18,"13":18,"14":18,"15":18,"16":18},"f":{"0":6,"1":36,"2":18,"3":18},"b":{}}
,"/workspaces/paynovex/components/Apis.tsx": {"path":"/workspaces/paynovex/components/Apis.tsx","statementMap":{"0":{"start":{"line":3,"column":0},"end":{"line":3,"column":24}},"1":{"start":{"line":1,"column":0},"end":{"line":1,"column":26}},"2":{"start":{"line":4,"column":2},"end":{"line":45,"column":4}}},"fnMap":{"0":{"name":"Apis","decl":{"start":{"line":3,"column":24},"end":{"line":3,"column":28}},"loc":{"start":{"line":3,"column":28},"end":{"line":46,"column":1}}}},"branchMap":{},"s":{"0":6,"1":6,"2":7},"f":{"0":7},"b":{}}
,"/workspaces/paynovex/components/Contact.tsx": {"path":"/workspaces/paynovex/components/Contact.tsx","statementMap":{"0":{"start":{"line":3,"column":0},"end":{"line":3,"column":24}},"1":{"start":{"line":1,"column":0},"end":{"line":1,"column":26}},"2":{"start":{"line":4,"column":2},"end":{"line":15,"column":4}}},"fnMap":{"0":{"name":"Contact","decl":{"start":{"line":3,"column":24},"end":{"line":3,"column":31}},"loc":{"start":{"line":3,"column":31},"end":{"line":16,"column":1}}}},"branchMap":{},"s":{"0":6,"1":6,"2":7},"f":{"0":7},"b":{}}
,"/workspaces/paynovex/components/DashboardCards.tsx": {"path":"/workspaces/paynovex/components/DashboardCards.tsx","statementMap":{"0":{"start":{"line":6,"column":0},"end":{"line":6,"column":24}},"1":{"start":{"line":2,"column":0},"end":{"line":2,"column":26}},"2":{"start":{"line":3,"column":0},"end":{"line":3,"column":39}},"3":{"start":{"line":4,"column":0},"end":{"line":4,"column":54}},"4":{"start":{"line":7,"column":2},"end":{"line":25,"column":4}}},"fnMap":{"0":{"name":"DashboardCards","decl":{"start":{"line":6,"column":24},"end":{"line":6,"column":38}},"loc":{"start":{"line":6,"column":38},"end":{"line":26,"column":1}}}},"branchMap":{},"s":{"0":6,"1":6,"2":6,"3":6,"4":7},"f":{"0":7},"b":{}}
,"/workspaces/paynovex/components/Header.tsx": {"path":"/workspaces/paynovex/components/Header.tsx","statementMap":{"0":{"start":{"line":4,"column":0},"end":{"line":4,"column":24}},"1":{"start":{"line":1,"column":0},"end":{"line":1,"column":26}},"2":{"start":{"line":5,"column":2},"end":{"line":23,"column":4}}},"fnMap":{"0":{"name":"Header","decl":{"start":{"line":4,"column":24},"end":{"line":4,"column":30}},"loc":{"start":{"line":4,"column":30},"end":{"line":24,"column":1}}}},"branchMap":{},"s":{"0":6,"1":6,"2":7},"f":{"0":7},"b":{}}
,"/workspaces/paynovex/components/Hero.tsx": {"path":"/workspaces/paynovex/components/Hero.tsx","statementMap":{"0":{"start":{"line":5,"column":0},"end":{"line":5,"column":24}},"1":{"start":{"line":2,"column":0},"end":{"line":2,"column":26}},"2":{"start":{"line":3,"column":0},"end":{"line":3,"column":38}},"3":{"start":{"line":6,"column":2},"end":{"line":28,"column":4}},"4":{"start":{"line":19,"column":133},"end":{"line":23,"column":14}}},"fnMap":{"0":{"name":"Hero","decl":{"start":{"line":5,"column":24},"end":{"line":5,"column":28}},"loc":{"start":{"line":5,"column":28},"end":{"line":29,"column":1}}},"1":{"name":"(anonymous_2)","decl":{"start":{"line":19,"column":119},"end":{"line":19,"column":120}},"loc":{"start":{"line":19,"column":128},"end":{"line":19,"column":null}}}},"branchMap":{},"s":{"0":6,"1":6,"2":6,"3":7,"4":28},"f":{"0":7,"1":28},"b":{}}
,"/workspaces/paynovex/components/Services.tsx": {"path":"/workspaces/paynovex/components/Services.tsx","statementMap":{"0":{"start":{"line":3,"column":0},"end":{"line":3,"column":24}},"1":{"start":{"line":1,"column":0},"end":{"line":1,"column":26}},"2":{"start":{"line":4,"column":19},"end":{"line":10,"column":4}},"3":{"start":{"line":12,"column":2},"end":{"line":27,"column":4}},"4":{"start":{"line":17,"column":40},"end":{"line":23,"column":12}}},"fnMap":{"0":{"name":"Services","decl":{"start":{"line":3,"column":24},"end":{"line":3,"column":32}},"loc":{"start":{"line":3,"column":32},"end":{"line":28,"column":1}}},"1":{"name":"(anonymous_2)","decl":{"start":{"line":17,"column":24},"end":{"line":17,"column":25}},"loc":{"start":{"line":17,"column":35},"end":{"line":17,"column":null}}}},"branchMap":{},"s":{"0":6,"1":6,"2":7,"3":7,"4":35},"f":{"0":7,"1":35},"b":{}}
}
