TN:
SF:app/page.tsx
FN:13,Home
FN:37,(anonymous_2)
FN:54,(anonymous_3)
FN:72,(anonymous_4)
FNF:4
FNH:4
FNDA:6,Home
FNDA:36,(anonymous_2)
FNDA:18,(anonymous_3)
FNDA:18,(anonymous_4)
DA:3,5
DA:6,5
DA:7,5
DA:8,5
DA:9,5
DA:10,5
DA:11,5
DA:13,5
DA:14,6
DA:37,36
DA:54,18
DA:72,18
LF:12
LH:12
BRF:0
BRH:0
end_of_record
TN:
SF:components/Apis.tsx
FN:3,Apis
FNF:1
FNH:1
FNDA:7,Apis
DA:1,6
DA:3,6
DA:4,7
LF:3
LH:3
BRF:0
BRH:0
end_of_record
TN:
SF:components/Contact.tsx
FN:3,Contact
FNF:1
FNH:1
FNDA:7,Contact
DA:1,6
DA:3,6
DA:4,7
LF:3
LH:3
BRF:0
BRH:0
end_of_record
TN:
SF:components/DashboardCards.tsx
FN:6,DashboardCards
FNF:1
FNH:1
FNDA:7,DashboardCards
DA:2,6
DA:3,6
DA:4,6
DA:6,6
DA:7,7
LF:5
LH:5
BRF:0
BRH:0
end_of_record
TN:
SF:components/Header.tsx
FN:4,Header
FNF:1
FNH:1
FNDA:7,Header
DA:1,6
DA:4,6
DA:5,7
LF:3
LH:3
BRF:0
BRH:0
end_of_record
TN:
SF:components/Hero.tsx
FN:5,Hero
FN:19,(anonymous_2)
FNF:2
FNH:2
FNDA:7,Hero
FNDA:28,(anonymous_2)
DA:2,6
DA:3,6
DA:5,6
DA:6,7
DA:19,28
LF:5
LH:5
BRF:0
BRH:0
end_of_record
TN:
SF:components/Services.tsx
FN:3,Services
FN:17,(anonymous_2)
FNF:2
FNH:2
FNDA:7,Services
FNDA:35,(anonymous_2)
DA:1,6
DA:3,6
DA:4,7
DA:12,7
DA:17,35
LF:5
LH:5
BRF:0
BRH:0
end_of_record
